[debug] [2021-10-28T07:25:04.352Z] ----------------------------------------------------------------------
[debug] [2021-10-28T07:25:04.381Z] Command:       C:\Program Files\nodejs\node.exe C:\Users\DELL\AppData\Roaming\npm\node_modules\firebase-tools\lib\bin\firebase.js deploy
[debug] [2021-10-28T07:25:04.382Z] CLI Version:   9.20.0
[debug] [2021-10-28T07:25:04.383Z] Platform:      win32
[debug] [2021-10-28T07:25:04.383Z] Node Version:  v14.17.3
[debug] [2021-10-28T07:25:04.548Z] Time:          Thu Oct 28 2021 13:25:04 GMT+0600 (Bangladesh Standard Time)
[debug] [2021-10-28T07:25:04.549Z] ----------------------------------------------------------------------
[debug] 
[debug] [2021-10-28T07:25:04.566Z] >>> [apiv2][query] GET https://firebase-public.firebaseio.com/cli.json [none]
[debug] [2021-10-28T07:25:04.920Z] > command requires scopes: ["email","openid","https://www.googleapis.com/auth/cloudplatformprojects.readonly","https://www.googleapis.com/auth/firebase","https://www.googleapis.com/auth/cloud-platform"]
[debug] [2021-10-28T07:25:04.920Z] > authorizing via signed-in user (saydur9827@gmail.com)
[debug] [2021-10-28T07:25:04.920Z] [iam] checking project genius-car-mechanics for permissions ["firebase.projects.get","firebasehosting.sites.update"]
[debug] [2021-10-28T07:25:04.923Z] > refreshing access token with scopes: ["email","https://www.googleapis.com/auth/cloud-platform","https://www.googleapis.com/auth/cloudplatformprojects.readonly","https://www.googleapis.com/auth/firebase","openid"]
[debug] [2021-10-28T07:25:04.923Z] >>> HTTP REQUEST POST https://www.googleapis.com/oauth2/v3/token  
 <request body omitted>
[debug] [2021-10-28T07:25:05.648Z] <<< HTTP RESPONSE 200 {"expires":"Mon, 01 Jan 1990 00:00:00 GMT","pragma":"no-cache","date":"Thu, 28 Oct 2021 07:25:05 GMT","cache-control":"no-cache, no-store, max-age=0, must-revalidate","content-type":"application/json; charset=utf-8","vary":"X-Origin, Referer, Origin,Accept-Encoding","server":"scaffolding on HTTPServer2","x-xss-protection":"0","x-frame-options":"SAMEORIGIN","x-content-type-options":"nosniff","alt-svc":"h3=\":443\"; ma=2592000,h3-29=\":443\"; ma=2592000,h3-Q050=\":443\"; ma=2592000,h3-Q046=\":443\"; ma=2592000,h3-Q043=\":443\"; ma=2592000","accept-ranges":"none","transfer-encoding":"chunked"}
[debug] [2021-10-28T07:25:05.917Z] >>> HTTP REQUEST POST https://cloudresourcemanager.googleapis.com/v1/projects/genius-car-mechanics:testIamPermissions  
 {"permissions":["firebase.projects.get","firebasehosting.sites.update"]}
[debug] [2021-10-28T07:25:06.339Z] <<< [apiv2][status] GET https://firebase-public.firebaseio.com/cli.json 200
[debug] [2021-10-28T07:25:06.340Z] <<< [apiv2][body] GET https://firebase-public.firebaseio.com/cli.json {"cloudBuildErrorAfter":1594252800000,"cloudBuildWarnAfter":1590019200000,"defaultNode10After":1594252800000,"minVersion":"3.0.5","node8DeploysDisabledAfter":1613390400000,"node8RuntimeDisabledAfter":1615809600000,"node8WarnAfter":1600128000000}
[debug] [2021-10-28T07:25:08.044Z] <<< HTTP RESPONSE 200 {"content-type":"application/json; charset=UTF-8","vary":"X-Origin, Referer, Origin,Accept-Encoding","date":"Thu, 28 Oct 2021 07:25:08 GMT","server":"ESF","cache-control":"private","x-xss-protection":"0","x-frame-options":"SAMEORIGIN","x-content-type-options":"nosniff","server-timing":"gfet4t7; dur=1100","alt-svc":"h3=\":443\"; ma=2592000,h3-29=\":443\"; ma=2592000,h3-Q050=\":443\"; ma=2592000,h3-Q046=\":443\"; ma=2592000,h3-Q043=\":443\"; ma=2592000","accept-ranges":"none","transfer-encoding":"chunked"}
[debug] [2021-10-28T07:25:08.047Z] [iam] error while checking permissions, command may fail: FirebaseError: Authorization failed. This account is missing the following required permissions on project genius-car-mechanics:

  firebase.projects.get
  firebasehosting.sites.update
[debug] [2021-10-28T07:25:08.049Z] > refreshing access token with scopes: []
[debug] [2021-10-28T07:25:08.050Z] >>> HTTP REQUEST POST https://www.googleapis.com/oauth2/v3/token  
 <request body omitted>
[debug] [2021-10-28T07:25:08.486Z] <<< HTTP RESPONSE 200 {"date":"Thu, 28 Oct 2021 07:25:08 GMT","expires":"Mon, 01 Jan 1990 00:00:00 GMT","cache-control":"no-cache, no-store, max-age=0, must-revalidate","pragma":"no-cache","content-type":"application/json; charset=utf-8","vary":"X-Origin, Referer, Origin,Accept-Encoding","server":"scaffolding on HTTPServer2","x-xss-protection":"0","x-frame-options":"SAMEORIGIN","x-content-type-options":"nosniff","alt-svc":"h3=\":443\"; ma=2592000,h3-29=\":443\"; ma=2592000,h3-Q050=\":443\"; ma=2592000,h3-Q046=\":443\"; ma=2592000,h3-Q043=\":443\"; ma=2592000","accept-ranges":"none","transfer-encoding":"chunked"}
[debug] [2021-10-28T07:25:08.768Z] >>> [apiv2][query] GET https://firebase.googleapis.com/v1beta1/projects/genius-car-mechanics [none]
[debug] [2021-10-28T07:25:09.755Z] <<< [apiv2][status] GET https://firebase.googleapis.com/v1beta1/projects/genius-car-mechanics 403
[debug] [2021-10-28T07:25:09.755Z] <<< [apiv2][body] GET https://firebase.googleapis.com/v1beta1/projects/genius-car-mechanics {"error":{"code":403,"message":"The caller does not have permission","status":"PERMISSION_DENIED"}}
[debug] [2021-10-28T07:25:09.757Z] HTTP Error: 403, The caller does not have permission
[debug] [2021-10-28T07:25:10.555Z] FirebaseError: HTTP Error: 403, The caller does not have permission
    at module.exports (C:\Users\DELL\AppData\Roaming\npm\node_modules\firebase-tools\lib\responseToError.js:38:12)
    at Client.doRequest (C:\Users\DELL\AppData\Roaming\npm\node_modules\firebase-tools\lib\apiv2.js:238:23)
    at processTicksAndRejections (internal/process/task_queues.js:95:5)
    at async Client.request (C:\Users\DELL\AppData\Roaming\npm\node_modules\firebase-tools\lib\apiv2.js:96:20)
    at async Object.getFirebaseProject (C:\Users\DELL\AppData\Roaming\npm\node_modules\firebase-tools\lib\management\projects.js:290:21)
    at async Object.getDefaultHostingSite (C:\Users\DELL\AppData\Roaming\npm\node_modules\firebase-tools\lib\getDefaultHostingSite.js:8:21)
    at async requireHostingSite (C:\Users\DELL\AppData\Roaming\npm\node_modules\firebase-tools\lib\requireHostingSite.js:9:18)
    at async Object.fn (C:\Users\DELL\AppData\Roaming\npm\node_modules\firebase-tools\lib\commands\deploy.js:65:9)
    at async C:\Users\DELL\AppData\Roaming\npm\node_modules\firebase-tools\lib\command.js:188:17
[error] 
[error] Error: Failed to get Firebase project genius-car-mechanics. Please make sure the project exists and your account has permission to access it.
